<?xml version="1.0" encoding="UTF-8"?>
<testng-results ignored="0" total="1" passed="1" failed="0" skipped="0">
  <reporter-output>
  </reporter-output>
  <suite started-at="2022-01-26T00:15:55 CET" name="Default suite" finished-at="2022-01-26T00:16:18 CET" duration-ms="22885">
    <groups>
    </groups>
    <test started-at="2022-01-26T00:15:55 CET" name="Default test" finished-at="2022-01-26T00:16:18 CET" duration-ms="22885">
      <class name="SurveyTask.SurveyTask.E2E_Test">
        <test-method is-config="true" signature="beforeTest()[pri:0, instance:SurveyTask.SurveyTask.E2E_Test@2bac9ba]" started-at="2022-01-26T00:15:55 CET" name="beforeTest" finished-at="2022-01-26T00:15:55 CET" duration-ms="9" status="PASS">
          <reporter-output>
          </reporter-output>
        </test-method> <!-- beforeTest -->
        <test-method signature="submitSurveyTest()[pri:0, instance:SurveyTask.SurveyTask.E2E_Test@2bac9ba]" started-at="2022-01-26T00:15:55 CET" name="submitSurveyTest" finished-at="2022-01-26T00:16:17 CET" duration-ms="22630" status="PASS">
          <reporter-output>
          </reporter-output>
        </test-method> <!-- submitSurveyTest -->
        <test-method is-config="true" signature="afterTest()[pri:0, instance:SurveyTask.SurveyTask.E2E_Test@2bac9ba]" started-at="2022-01-26T00:16:17 CET" name="afterTest" finished-at="2022-01-26T00:16:18 CET" duration-ms="210" status="PASS">
          <reporter-output>
          </reporter-output>
        </test-method> <!-- afterTest -->
      </class> <!-- SurveyTask.SurveyTask.E2E_Test -->
    </test> <!-- Default test -->
  </suite> <!-- Default suite -->
</testng-results>
